#
# A fatal error has been detected by the Java Runtime Environment:
#
#  EXCEPTION_ACCESS_VIOLATION (0xc0000005) at pc=0x6fa6757e, pid=6648, tid=0x00001cdc
#
# JRE version: Java(TM) SE Runtime Environment (8.0_191-b12) (build 1.8.0_191-b12)
# Java VM: Java HotSpot(TM) Client VM (25.191-b12 mixed mode windows-x86 )
# Problematic frame:
# V  [jvm.dll+0xe757e]
#
# Failed to write core dump. Minidumps are not enabled by default on client versions of Windows
#
# If you would like to submit a bug report, please visit:
#   http://bugreport.java.com/bugreport/crash.jsp
#

---------------  T H R E A D  ---------------

Current thread (0x29156000):  JavaThread "EventThread COM15" [_thread_in_vm, id=7388, stack(0x26ee0000,0x26f30000)]

siginfo: ExceptionCode=0xc0000005, reading address 0x00000000

Registers:
EAX=0x00000000, EBX=0x27608f10, ECX=0x29156000, EDX=0x0000009f
ESP=0x26f2cc1c, EBP=0x26f2cc38, ESI=0x00000000, EDI=0x29156000
EIP=0x6fa6757e, EFLAGS=0x00010246

Top of Stack: (sp=0x26f2cc1c)
0x26f2cc1c:   26f2cc54 29156140 27608f10 29156000
0x26f2cc2c:   279594ac 0000009f 6fc65568 26f2f6c8
0x26f2cc3c:   6400183d 29156140 00000000 00000000
0x26f2cc4c:   00002a24 26f2cc54 69747465 6e20676e
0x26f2cc5c:   65626d75 61662072 64656c69 540a0d3a
0x26f2cc6c:   6e697972 6f742067 63657220 656e6e6f
0x26f2cc7c:   0a0d7463 74746573 20676e69 626d756e
0x26f2cc8c:   66207265 656c6961 0a0d3a64 69797254 

Instructions: (pc=0x6fa6757e)
0x6fa6755e:   c4 08 83 7f 04 00 89 7d f0 c7 45 f4 00 00 00 00
0x6fa6756e:   74 08 8d 4d f0 e8 e8 34 0c 00 8b 75 10 8b 45 0c
0x6fa6757e:   8b 10 85 f6 78 32 8b 45 14 85 c0 78 2b 8d 0c 06
0x6fa6758e:   3b 4a 08 77 23 85 c0 7e 3b 8b 4a 04 8b 49 04 83 


Register to memory mapping:

EAX=0x00000000 is an unknown value
EBX=0x27608f10 is an unknown value
ECX=0x29156000 is a thread
EDX=0x0000009f is an unknown value
ESP=0x26f2cc1c is pointing into the stack for thread: 0x29156000
EBP=0x26f2cc38 is pointing into the stack for thread: 0x29156000
ESI=0x00000000 is an unknown value
EDI=0x29156000 is a thread


Stack: [0x26ee0000,0x26f30000],  sp=0x26f2cc1c,  free space=307k
Native frames: (J=compiled Java code, j=interpreted, Vv=VM code, C=native code)
V  [jvm.dll+0xe757e]
C  0x6400183d
J 4329  jssc.SerialNativeInterface.readBytes(JI)[B (0 bytes) @ 0x02bb2aa5 [0x02bb2a10+0x95]
J 10161 C1 jssc.SerialPort$EventThread.run()V (84 bytes) @ 0x02bb0af0 [0x02bb0880+0x270]
v  ~StubRoutines::call_stub
V  [jvm.dll+0x15c315]
V  [jvm.dll+0x223ece]
V  [jvm.dll+0x15c3ae]
V  [jvm.dll+0x15c536]
V  [jvm.dll+0x15c5a7]
V  [jvm.dll+0x1002ef]
V  [jvm.dll+0x17f550]
V  [jvm.dll+0x17fdca]
V  [jvm.dll+0x1c57a6]
C  [msvcr100.dll+0x5c556]
C  [msvcr100.dll+0x5c600]
C  [KERNEL32.DLL+0x1fa29]
C  [ntdll.dll+0x67a7e]
C  [ntdll.dll+0x67a4e]
C  0x00000000

Java frames: (J=compiled Java code, j=interpreted, Vv=VM code)
J 4329  jssc.SerialNativeInterface.readBytes(JI)[B (0 bytes) @ 0x02bb2a61 [0x02bb2a10+0x51]
J 10161 C1 jssc.SerialPort$EventThread.run()V (84 bytes) @ 0x02bb0af0 [0x02bb0880+0x270]
v  ~StubRoutines::call_stub

---------------  P R O C E S S  ---------------

Java Threads: ( => current thread )
=>0x29156000 JavaThread "EventThread COM15" [_thread_in_vm, id=7388, stack(0x26ee0000,0x26f30000)]
  0x29158c00 JavaThread "DestroyJavaVM" [_thread_blocked, id=12404, stack(0x023e0000,0x02430000)]
  0x27e31800 JavaThread "TimerQueue" daemon [_thread_blocked, id=13640, stack(0x2a760000,0x2a7b0000)]
  0x27e34c00 JavaThread "AWT-EventQueue-0" [_thread_blocked, id=11324, stack(0x2a220000,0x2a270000)]
  0x27e32400 JavaThread "AWT-Shutdown" [_thread_blocked, id=14768, stack(0x2a190000,0x2a1e0000)]
  0x27e32000 JavaThread "Batik CleanerThread" daemon [_thread_blocked, id=8760, stack(0x28ea0000,0x28ef0000)]
  0x27d33000 JavaThread "JmDNS(DESKTOP-CPLAE72.local.).State.Timer" [_thread_blocked, id=1668, stack(0x28bc0000,0x28c10000)]
  0x27d32800 JavaThread "JmDNS(DESKTOP-CPLAE72.local.).Timer" daemon [_thread_blocked, id=12780, stack(0x28b30000,0x28b80000)]
  0x27d00000 JavaThread "SocketListener(DESKTOP-CPLAE72.local.)" daemon [_thread_blocked, id=9180, stack(0x28aa0000,0x28af0000)]
  0x26507000 JavaThread "Multihomed mDNS.Timer" daemon [_thread_blocked, id=5292, stack(0x26980000,0x269d0000)]
  0x26344000 JavaThread "cc.arduino.packages.discoverers.serial.SerialDiscovery" [_thread_blocked, id=2440, stack(0x28810000,0x28860000)]
  0x26525400 JavaThread "AWT-Windows" daemon [_thread_blocked, id=4912, stack(0x26a10000,0x26a60000)]
  0x26524400 JavaThread "Java2D Disposer" daemon [_thread_blocked, id=6056, stack(0x268f0000,0x26940000)]
  0x25b84800 JavaThread "Service Thread" daemon [_thread_blocked, id=8552, stack(0x26190000,0x261e0000)]
  0x25b6f000 JavaThread "C1 CompilerThread0" daemon [_thread_blocked, id=7020, stack(0x26100000,0x26150000)]
  0x25b6e000 JavaThread "Attach Listener" daemon [_thread_blocked, id=15588, stack(0x26070000,0x260c0000)]
  0x25b6b800 JavaThread "Signal Dispatcher" daemon [_thread_blocked, id=11544, stack(0x25fe0000,0x26030000)]
  0x25b4bc00 JavaThread "Finalizer" daemon [_thread_blocked, id=15540, stack(0x25e50000,0x25ea0000)]
  0x25b45c00 JavaThread "Reference Handler" daemon [_thread_blocked, id=14808, stack(0x25dc0000,0x25e10000)]

Other Threads:
  0x25b30400 VMThread [stack: 0x25d30000,0x25d80000] [id=13616]
  0x25b9a800 WatcherThread [stack: 0x26220000,0x26270000] [id=7308]

VM state:synchronizing (normal execution)

VM Mutex/Monitor currently owned by a thread:  ([mutex/lock_event])
[0x0254dc78] Threads_lock - owner thread: 0x25b30400
[0x0254e0f0] Heap_lock - owner thread: 0x27d00000

Heap:
 def new generation   total 157248K, used 157247K [0x04a00000, 0x0f4a0000, 0x0f4a0000)
  eden space 139776K, 100% used [0x04a00000, 0x0d280000, 0x0d280000)
  from space 17472K,  99% used [0x0d280000, 0x0e38fff8, 0x0e390000)
  to   space 17472K,   0% used [0x0e390000, 0x0e390000, 0x0f4a0000)
 tenured generation   total 349568K, used 349568K [0x0f4a0000, 0x24a00000, 0x24a00000)
   the space 349568K, 100% used [0x0f4a0000, 0x24a00000, 0x24a00000, 0x24a00000)
 Metaspace       used 25718K, capacity 26253K, committed 26368K, reserved 27008K

Card table byte_map: [0x24a00000,0x24b10000] byte_map_base: 0x249db000

Polling page: 0x00910000

CodeCache: size=32768Kb used=2441Kb max_used=5332Kb free=30326Kb
 bounds [0x02930000, 0x02e68000, 0x04930000]
 total_blobs=1554 nmethods=1254 adapters=227
 compilation: enabled

Compilation events (10 events):
Event: 7176.893 Thread 0x25b6f000 15650             java.awt.Font::hashCode (76 bytes)
Event: 7176.894 Thread 0x25b6f000 nmethod 15650 0x029d4008 code [0x029d4120, 0x029d4238]
Event: 7176.896 Thread 0x25b6f000 15651             java.lang.CharacterDataLatin1::getType (11 bytes)
Event: 7176.896 Thread 0x25b6f000 nmethod 15651 0x029edbc8 code [0x029edcc0, 0x029edd70]
Event: 7177.391 Thread 0x25b6f000 15652             java.awt.image.SinglePixelPackedSampleModel::<init> (277 bytes)
Event: 7177.392 Thread 0x25b6f000 nmethod 15652 0x02a6d248 code [0x02a6d420, 0x02a6dbe0]
Event: 7186.447 Thread 0x25b6f000 15653             java.util.HashMap::clear (50 bytes)
Event: 7186.447 Thread 0x25b6f000 nmethod 15653 0x02a2e3c8 code [0x02a2e4c0, 0x02a2e590]
Event: 7200.769 Thread 0x25b6f000 15654             sun.util.locale.provider.RuleBasedBreakIterator::readTables (413 bytes)
Event: 7202.059 Thread 0x25b6f000 nmethod 15654 0x02e0d748 code [0x02e0d940, 0x02e0e4cc]

GC Heap History (10 events):
Event: 7202.095 GC heap before
{Heap before GC invocations=1100 (full 463):
 def new generation   total 157248K, used 157247K [0x04a00000, 0x0f4a0000, 0x0f4a0000)
  eden space 139776K,  99% used [0x04a00000, 0x0d27fff8, 0x0d280000)
  from space 17472K,  99% used [0x0d280000, 0x0e38ffd0, 0x0e390000)
  to   space 17472K,   0% used [0x0e390000, 0x0e390000, 0x0f4a0000)
 tenured generation   total 349568K, used 349567K [0x0f4a0000, 0x24a00000, 0x24a00000)
   the space 349568K,  99% used [0x0f4a0000, 0x249fffc8, 0x24a00000, 0x24a00000)
 Metaspace       used 25718K, capacity 26253K, committed 26368K, reserved 27008K
Event: 7202.534 GC heap after
Heap after GC invocations=1101 (full 464):
 def new generation   total 157248K, used 157247K [0x04a00000, 0x0f4a0000, 0x0f4a0000)
  eden space 139776K,  99% used [0x04a00000, 0x0d27fff8, 0x0d280000)
  from space 17472K,  99% used [0x0d280000, 0x0e38fef0, 0x0e390000)
  to   space 17472K,   0% used [0x0e390000, 0x0e390000, 0x0f4a0000)
 tenured generation   total 349568K, used 349567K [0x0f4a0000, 0x24a00000, 0x24a00000)
   the space 349568K,  99% used [0x0f4a0000, 0x249fffc8, 0x24a00000, 0x24a00000)
 Metaspace       used 25718K, capacity 26253K, committed 26368K, reserved 27008K
}
Event: 7202.534 GC heap before
{Heap before GC invocations=1101 (full 464):
 def new generation   total 157248K, used 157247K [0x04a00000, 0x0f4a0000, 0x0f4a0000)
  eden space 139776K,  99% used [0x04a00000, 0x0d27fff8, 0x0d280000)
  from space 17472K,  99% used [0x0d280000, 0x0e38fef0, 0x0e390000)
  to   space 17472K,   0% used [0x0e390000, 0x0e390000, 0x0f4a0000)
 tenured generation   total 349568K, used 349567K [0x0f4a0000, 0x24a00000, 0x24a00000)
   the space 349568K,  99% used [0x0f4a0000, 0x249fffc8, 0x24a00000, 0x24a00000)
 Metaspace       used 25718K, capacity 26253K, committed 26368K, reserved 27008K
Event: 7202.951 GC heap after
Heap after GC invocations=1102 (full 465):
 def new generation   total 157248K, used 157247K [0x04a00000, 0x0f4a0000, 0x0f4a0000)
  eden space 139776K,  99% used [0x04a00000, 0x0d27fff8, 0x0d280000)
  from space 17472K,  99% used [0x0d280000, 0x0e38fef0, 0x0e390000)
  to   space 17472K,   0% used [0x0e390000, 0x0e390000, 0x0f4a0000)
 tenured generation   total 349568K, used 349567K [0x0f4a0000, 0x24a00000, 0x24a00000)
   the space 349568K,  99% used [0x0f4a0000, 0x249fffc8, 0x24a00000, 0x24a00000)
 Metaspace       used 25718K, capacity 26253K, committed 26368K, reserved 27008K
}
Event: 7202.951 GC heap before
{Heap before GC invocations=1102 (full 465):
 def new generation   total 157248K, used 157247K [0x04a00000, 0x0f4a0000, 0x0f4a0000)
  eden space 139776K,  99% used [0x04a00000, 0x0d27fff8, 0x0d280000)
  from space 17472K,  99% used [0x0d280000, 0x0e38fff8, 0x0e390000)
  to   space 17472K,   0% used [0x0e390000, 0x0e390000, 0x0f4a0000)
 tenured generation   total 349568K, used 349567K [0x0f4a0000, 0x24a00000, 0x24a00000)
   the space 349568K,  99% used [0x0f4a0000, 0x249ffff8, 0x24a00000, 0x24a00000)
 Metaspace       used 25718K, capacity 26253K, committed 26368K, reserved 27008K
Event: 7203.376 GC heap after
Heap after GC invocations=1103 (full 466):
 def new generation   total 157248K, used 157246K [0x04a00000, 0x0f4a0000, 0x0f4a0000)
  eden space 139776K,  99% used [0x04a00000, 0x0d27fff8, 0x0d280000)
  from space 17472K,  99% used [0x0d280000, 0x0e38f8c8, 0x0e390000)
  to   space 17472K,   0% used [0x0e390000, 0x0e390000, 0x0f4a0000)
 tenured generation   total 349568K, used 349567K [0x0f4a0000, 0x24a00000, 0x24a00000)
   the space 349568K,  99% used [0x0f4a0000, 0x249ffff8, 0x24a00000, 0x24a00000)
 Metaspace       used 25718K, capacity 26253K, committed 26368K, reserved 27008K
}
Event: 7203.376 GC heap before
{Heap before GC invocations=1103 (full 466):
 def new generation   total 157248K, used 157246K [0x04a00000, 0x0f4a0000, 0x0f4a0000)
  eden space 139776K,  99% used [0x04a00000, 0x0d27fff8, 0x0d280000)
  from space 17472K,  99% used [0x0d280000, 0x0e38fb78, 0x0e390000)
  to   space 17472K,   0% used [0x0e390000, 0x0e390000, 0x0f4a0000)
 tenured generation   total 349568K, used 349567K [0x0f4a0000, 0x24a00000, 0x24a00000)
   the space 349568K,  99% used [0x0f4a0000, 0x249ffff8, 0x24a00000, 0x24a00000)
 Metaspace       used 25718K, capacity 26253K, committed 26368K, reserved 27008K
Event: 7203.802 GC heap after
Heap after GC invocations=1104 (full 467):
 def new generation   total 157248K, used 157246K [0x04a00000, 0x0f4a0000, 0x0f4a0000)
  eden space 139776K,  99% used [0x04a00000, 0x0d27ffe0, 0x0d280000)
  from space 17472K,  99% used [0x0d280000, 0x0e38f9b0, 0x0e390000)
  to   space 17472K,   0% used [0x0e390000, 0x0e390000, 0x0f4a0000)
 tenured generation   total 349568K, used 349567K [0x0f4a0000, 0x24a00000, 0x24a00000)
   the space 349568K,  99% used [0x0f4a0000, 0x249ffff8, 0x24a00000, 0x24a00000)
 Metaspace       used 25718K, capacity 26253K, committed 26368K, reserved 27008K
}
Event: 7203.802 GC heap before
{Heap before GC invocations=1104 (full 467):
 def new generation   total 157248K, used 157246K [0x04a00000, 0x0f4a0000, 0x0f4a0000)
  eden space 139776K,  99% used [0x04a00000, 0x0d27ffe0, 0x0d280000)
  from space 17472K,  99% used [0x0d280000, 0x0e38f9b0, 0x0e390000)
  to   space 17472K,   0% used [0x0e390000, 0x0e390000, 0x0f4a0000)
 tenured generation   total 349568K, used 349567K [0x0f4a0000, 0x24a00000, 0x24a00000)
   the space 349568K,  99% used [0x0f4a0000, 0x249ffff8, 0x24a00000, 0x24a00000)
 Metaspace       used 25718K, capacity 26253K, committed 26368K, reserved 27008K
Event: 7204.225 GC heap after
Heap after GC invocations=1105 (full 468):
 def new generation   total 157248K, used 157246K [0x04a00000, 0x0f4a0000, 0x0f4a0000)
  eden space 139776K,  99% used [0x04a00000, 0x0d27ffe0, 0x0d280000)
  from space 17472K,  99% used [0x0d280000, 0x0e38f9b0, 0x0e390000)
  to   space 17472K,   0% used [0x0e390000, 0x0e390000, 0x0f4a0000)
 tenured generation   total 349568K, used 349567K [0x0f4a0000, 0x24a00000, 0x24a00000)
   the space 349568K,  99% used [0x0f4a0000, 0x249fffc8, 0x24a00000, 0x24a00000)
 Metaspace       used 25718K, capacity 26253K, committed 26368K, reserved 27008K
}

Deoptimization events (0 events):
No events

Classes redefined (0 events):
No events

Internal exceptions (10 events):
Event: 6871.782 Thread 0x2915cc00 Exception <a 'sun/nio/fs/WindowsException'> (0x04f9ad48) thrown at [C:\workspace\8-2-build-windows-i586-cygwin\jdk8u191\11896\hotspot\src\share\vm\prims\jni.cpp, line 709]
Event: 6871.782 Thread 0x2915cc00 Exception <a 'sun/nio/fs/WindowsException'> (0x04f9b378) thrown at [C:\workspace\8-2-build-windows-i586-cygwin\jdk8u191\11896\hotspot\src\share\vm\prims\jni.cpp, line 709]
Event: 6871.789 Thread 0x2915cc00 Exception <a 'sun/nio/fs/WindowsException'> (0x04fa5020) thrown at [C:\workspace\8-2-build-windows-i586-cygwin\jdk8u191\11896\hotspot\src\share\vm\prims\jni.cpp, line 709]
Event: 6871.789 Thread 0x2915cc00 Exception <a 'sun/nio/fs/WindowsException'> (0x04fa55f0) thrown at [C:\workspace\8-2-build-windows-i586-cygwin\jdk8u191\11896\hotspot\src\share\vm\prims\jni.cpp, line 709]
Event: 6871.794 Thread 0x2915cc00 Exception <a 'sun/nio/fs/WindowsException'> (0x04fb03a8) thrown at [C:\workspace\8-2-build-windows-i586-cygwin\jdk8u191\11896\hotspot\src\share\vm\prims\jni.cpp, line 709]
Event: 6871.794 Thread 0x2915cc00 Exception <a 'sun/nio/fs/WindowsException'> (0x04fb0960) thrown at [C:\workspace\8-2-build-windows-i586-cygwin\jdk8u191\11896\hotspot\src\share\vm\prims\jni.cpp, line 709]
Event: 6871.799 Thread 0x2915cc00 Exception <a 'sun/nio/fs/WindowsException'> (0x04fbc6e8) thrown at [C:\workspace\8-2-build-windows-i586-cygwin\jdk8u191\11896\hotspot\src\share\vm\prims\jni.cpp, line 709]
Event: 6871.799 Thread 0x2915cc00 Exception <a 'sun/nio/fs/WindowsException'> (0x04fbccb8) thrown at [C:\workspace\8-2-build-windows-i586-cygwin\jdk8u191\11896\hotspot\src\share\vm\prims\jni.cpp, line 709]
Event: 7202.951 Thread 0x27d33000 Exception <a 'java/lang/OutOfMemoryError'> (0x0f530f08) thrown at [C:\workspace\8-2-build-windows-i586-cygwin\jdk8u191\11896\hotspot\src\share\vm\gc_interface/collectedHeap.inline.hpp, line 159]
Event: 7204.226 Thread 0x29156000 Exception <a 'java/lang/OutOfMemoryError'> (0x0f530ee8) thrown at [C:\workspace\8-2-build-windows-i586-cygwin\jdk8u191\11896\hotspot\src\share\vm\gc_interface/collectedHeap.inline.hpp, line 159]

Events (10 events):
Event: 7201.613 Executing VM operation: GenCollectForAllocation done
Event: 7201.614 Executing VM operation: GenCollectForAllocation
Event: 7202.058 Executing VM operation: GenCollectForAllocation done
Event: 7202.095 Executing VM operation: GenCollectForAllocation
Event: 7202.951 Executing VM operation: GenCollectForAllocation done
Event: 7202.951 Executing VM operation: GenCollectForAllocation
Event: 7203.376 Executing VM operation: GenCollectForAllocation done
Event: 7203.376 Executing VM operation: GenCollectForAllocation
Event: 7204.226 Executing VM operation: GenCollectForAllocation done
Event: 7204.226 Executing VM operation: GenCollectForAllocation


Dynamic libraries:
0x00060000 - 0x00093000 	C:\Program Files (x86)\Arduino\java\bin\javaw.exe
0x77d30000 - 0x77ed3000 	C:\Windows\SYSTEM32\ntdll.dll
0x76290000 - 0x76380000 	C:\Windows\System32\KERNEL32.DLL
0x75c00000 - 0x75e14000 	C:\Windows\System32\KERNELBASE.dll
0x76ec0000 - 0x76f3b000 	C:\Windows\System32\ADVAPI32.dll
0x76380000 - 0x7643f000 	C:\Windows\System32\msvcrt.dll
0x76510000 - 0x76586000 	C:\Windows\System32\sechost.dll
0x75f30000 - 0x75fee000 	C:\Windows\System32\RPCRT4.dll
0x76ab0000 - 0x76c4c000 	C:\Windows\System32\USER32.dll
0x76440000 - 0x76458000 	C:\Windows\System32\win32u.dll
0x760e0000 - 0x76103000 	C:\Windows\System32\GDI32.dll
0x769d0000 - 0x76aac000 	C:\Windows\System32\gdi32full.dll
0x76120000 - 0x7619b000 	C:\Windows\System32\msvcp_win.dll
0x77c00000 - 0x77d20000 	C:\Windows\System32\ucrtbase.dll
0x759c0000 - 0x75bd0000 	C:\Windows\WinSxS\x86_microsoft.windows.common-controls_6595b64144ccf1df_6.0.19041.1110_none_a8625c1886757984\COMCTL32.dll
0x76260000 - 0x76285000 	C:\Windows\System32\IMM32.DLL
0x6fd60000 - 0x6fe1f000 	C:\Program Files (x86)\Arduino\java\bin\msvcr100.dll
0x6f980000 - 0x6fd53000 	C:\Program Files (x86)\Arduino\java\bin\client\jvm.dll
0x76ce0000 - 0x76ce6000 	C:\Windows\System32\PSAPI.DLL
0x75bd0000 - 0x75bd8000 	C:\Windows\SYSTEM32\WSOCK32.dll
0x75bf0000 - 0x75bf8000 	C:\Windows\SYSTEM32\VERSION.dll
0x75950000 - 0x75978000 	C:\Windows\SYSTEM32\WINMM.dll
0x76480000 - 0x764e3000 	C:\Windows\System32\WS2_32.dll
0x74780000 - 0x747b0000 	C:\Program Files (x86)\Arduino\java\bin\splashscreen.dll
0x74db0000 - 0x74e24000 	C:\Windows\system32\uxtheme.dll
0x771e0000 - 0x77460000 	C:\Windows\System32\combase.dll
0x74770000 - 0x7477c000 	C:\Program Files (x86)\Arduino\java\bin\verify.dll
0x74740000 - 0x74762000 	C:\Program Files (x86)\Arduino\java\bin\java.dll
0x76f40000 - 0x77014000 	C:\Windows\System32\MSCTF.dll
0x77a70000 - 0x77b06000 	C:\Windows\System32\OLEAUT32.dll
0x75670000 - 0x7567f000 	C:\Windows\SYSTEM32\kernel.appcore.dll
0x74120000 - 0x74134000 	C:\Program Files (x86)\Arduino\java\bin\zip.dll
0x75ff0000 - 0x7604f000 	C:\Windows\System32\bcryptPrimitives.dll
0x72e50000 - 0x72f09000 	C:\Windows\SYSTEM32\textinputframework.dll
0x72db0000 - 0x72e4b000 	C:\Windows\System32\CoreMessaging.dll
0x72b30000 - 0x72dae000 	C:\Windows\System32\CoreUIComponents.dll
0x76050000 - 0x760d7000 	C:\Windows\System32\SHCORE.dll
0x74810000 - 0x748eb000 	C:\Windows\SYSTEM32\wintypes.dll
0x75680000 - 0x756a9000 	C:\Windows\SYSTEM32\ntmarta.dll
0x774b0000 - 0x77a65000 	C:\Windows\System32\SHELL32.dll
0x75060000 - 0x7566c000 	C:\Windows\SYSTEM32\windows.storage.dll
0x75030000 - 0x75054000 	C:\Windows\SYSTEM32\Wldp.dll
0x77460000 - 0x774a5000 	C:\Windows\System32\shlwapi.dll
0x75010000 - 0x75028000 	C:\Windows\SYSTEM32\profapi.dll
0x61940000 - 0x619b3000 	C:\Program Files (x86)\Arduino\lib\listSerialsj.dll
0x76590000 - 0x769c5000 	C:\Windows\System32\SETUPAPI.dll
0x76cf0000 - 0x76d2b000 	C:\Windows\System32\cfgmgr32.dll
0x76460000 - 0x76479000 	C:\Windows\System32\bcrypt.dll
0x72750000 - 0x7276d000 	C:\Program Files (x86)\Arduino\lib\jnidispatch-4.2.2-win32-x86.dll
0x77b10000 - 0x77bf3000 	C:\Windows\System32\Ole32.dll
0x6f960000 - 0x6f975000 	C:\Program Files (x86)\Arduino\java\bin\net.dll
0x742d0000 - 0x74322000 	C:\Windows\system32\mswsock.dll
0x74730000 - 0x7473f000 	C:\Program Files (x86)\Arduino\java\bin\nio.dll
0x6f810000 - 0x6f957000 	C:\Program Files (x86)\Arduino\java\bin\awt.dll
0x72130000 - 0x721cf000 	C:\Windows\SYSTEM32\apphelp.dll
0x73f90000 - 0x73fb6000 	C:\Windows\system32\DWMAPI.DLL
0x6f7d0000 - 0x6f809000 	C:\Program Files (x86)\Arduino\java\bin\fontmanager.dll
0x6f6c0000 - 0x6f7c4000 	C:\Windows\system32\opengl32.dll
0x6f680000 - 0x6f6bf000 	C:\Windows\SYSTEM32\GLU32.dll
0x6f640000 - 0x6f672000 	C:\Program Files (x86)\Arduino\java\bin\t2k.dll
0x6f630000 - 0x6f63a000 	C:\Program Files (x86)\Arduino\java\bin\management.dll
0x728c0000 - 0x728d1000 	C:\Windows\system32\napinsp.dll
0x728a0000 - 0x728b6000 	C:\Windows\system32\pnrpnsp.dll
0x72af0000 - 0x72b00000 	C:\Windows\system32\wshbth.dll
0x72880000 - 0x72896000 	C:\Windows\system32\NLAapi.dll
0x74620000 - 0x74652000 	C:\Windows\SYSTEM32\IPHLPAPI.DLL
0x727b0000 - 0x72841000 	C:\Windows\SYSTEM32\DNSAPI.dll
0x76c50000 - 0x76c57000 	C:\Windows\System32\NSI.dll
0x72870000 - 0x7287e000 	C:\Windows\System32\winrnr.dll
0x6fe20000 - 0x6fe78000 	C:\Windows\System32\fwpuclnt.dll
0x6fe80000 - 0x6fe88000 	C:\Windows\System32\rasadhlp.dll
0x72790000 - 0x727a4000 	C:\Windows\SYSTEM32\dhcpcsvc6.DLL
0x72770000 - 0x72786000 	C:\Windows\SYSTEM32\dhcpcsvc.DLL
0x6f610000 - 0x6f623000 	C:\Windows\SYSTEM32\CRYPTSP.dll
0x6f5e0000 - 0x6f60f000 	C:\Windows\system32\rsaenh.dll
0x75990000 - 0x759b5000 	C:\Windows\SYSTEM32\USERENV.dll
0x74fc0000 - 0x74fca000 	C:\Windows\SYSTEM32\CRYPTBASE.dll
0x74330000 - 0x74354000 	C:\Windows\SYSTEM32\DEVOBJ.dll
0x77190000 - 0x771dd000 	C:\Windows\System32\WINTRUST.dll
0x76d30000 - 0x76e2a000 	C:\Windows\System32\CRYPT32.dll
0x746c0000 - 0x746ce000 	C:\Windows\SYSTEM32\MSASN1.dll
0x6f570000 - 0x6f5d9000 	C:\Program Files (x86)\Arduino\msvcp100.dll
0x6f4b0000 - 0x6f56e000 	C:\Program Files (x86)\Arduino\msvcr100.dll
0x28740000 - 0x28772000 	C:\Program Files (x86)\Arduino\lib\AStylej.dll
0x6f480000 - 0x6f4a4000 	C:\Program Files (x86)\Arduino\java\bin\dcpr.dll
0x76c60000 - 0x76cde000 	C:\Windows\System32\clbcatq.dll
0x72f10000 - 0x73081000 	C:\Windows\SYSTEM32\WindowsCodecs.dll
0x73c40000 - 0x73c71000 	C:\Windows\system32\dataexchange.dll
0x71260000 - 0x71440000 	C:\Windows\system32\d3d11.dll
0x710f0000 - 0x71254000 	C:\Windows\system32\dcomp.dll
0x71020000 - 0x710e2000 	C:\Windows\system32\dxgi.dll
0x70e90000 - 0x7101f000 	C:\Windows\system32\twinapi.appcore.dll
0x6f460000 - 0x6f480000 	C:\Program Files (x86)\Arduino\java\bin\sunec.dll
0x6f450000 - 0x6f459000 	C:\Program Files (x86)\Arduino\java\bin\sunmscapi.dll
0x75e20000 - 0x75ecf000 	C:\Windows\System32\COMDLG32.dll
0x74ee0000 - 0x74fa2000 	C:\Windows\system32\propsys.dll
0x6f3c0000 - 0x6f443000 	C:\Program Files (x86)\Common Files\microsoft shared\ink\tiptsf.dll
0x74150000 - 0x741e4000 	C:\Windows\SYSTEM32\TextShaping.dll
0x74e30000 - 0x74e4b000 	C:\Windows\SYSTEM32\edputil.dll
0x6f3a0000 - 0x6f3b3000 	C:\Windows\system32\NetworkExplorer.dll
0x6f340000 - 0x6f39c000 	C:\Windows\SYSTEM32\ntshrui.dll
0x74fe0000 - 0x75001000 	C:\Windows\SYSTEM32\SspiCli.dll
0x74bc0000 - 0x74bdd000 	C:\Windows\SYSTEM32\srvcli.dll
0x741f0000 - 0x741fe000 	C:\Windows\SYSTEM32\cscapi.dll
0x6f2b0000 - 0x6f331000 	C:\Windows\System32\StructuredQuery.dll
0x73bf0000 - 0x73c38000 	C:\Windows\System32\thumbcache.dll
0x72200000 - 0x72282000 	C:\Windows\SYSTEM32\policymanager.dll
0x720c0000 - 0x72125000 	C:\Windows\SYSTEM32\msvcp110_win.dll
0x6f210000 - 0x6f2ae000 	C:\Windows\system32\Windows.Storage.Search.dll
0x6f080000 - 0x6f203000 	C:\Users\Murugesh\AppData\Local\Microsoft\OneDrive\22.077.0410.0007\i386\FileSyncShell.dll
0x71440000 - 0x71894000 	C:\Windows\SYSTEM32\WININET.dll
0x74720000 - 0x7472a000 	C:\Windows\SYSTEM32\Secur32.dll
0x75980000 - 0x7598f000 	C:\Windows\SYSTEM32\WTSAPI32.dll
0x6ef00000 - 0x6f074000 	C:\PROGRA~2\MICROS~2\Office16\GROOVEEX.DLL
0x6eee0000 - 0x6eef5000 	C:\Windows\SYSTEM32\VCRUNTIME140.dll
0x6ee70000 - 0x6eedd000 	C:\Windows\SYSTEM32\MSVCP140.dll
0x6ebd0000 - 0x6ee69000 	C:\Windows\SYSTEM32\msi.dll
0x2d810000 - 0x2e08e000 	C:\PROGRA~2\MICROS~2\Office16\1033\GrooveIntlResource.dll
0x74360000 - 0x743b3000 	C:\Windows\SYSTEM32\OLEACC.dll
0x6ebc0000 - 0x6ebc8000 	C:\Windows\system32\IconCodecService.dll
0x748f0000 - 0x74983000 	C:\Windows\System32\Windows.StateRepositoryPS.dll
0x6eb90000 - 0x6ebbb000 	C:\Windows\SYSTEM32\XmlLite.dll
0x74210000 - 0x74259000 	C:\Windows\System32\Windows.FileExplorer.Common.dll
0x6eb80000 - 0x6eb8b000 	C:\Windows\SYSTEM32\LINKINFO.dll
0x6e7d0000 - 0x6eb71000 	C:\Windows\System32\OneCoreUAPCommonProxyStub.dll
0x74990000 - 0x74bbc000 	C:\Windows\System32\iertutil.dll
0x6e770000 - 0x6e7c4000 	C:\Windows\SYSTEM32\searchfolder.dll
0x6e730000 - 0x6e76d000 	C:\Windows\System32\OneCoreCommonProxyStub.dll

VM Arguments:
jvm_args: -Dsun.java2d.d3d=false -Djna.nosys=true -Djna.nounpack=true -Djna.boot.library.name=jnidispatch-4.2.2-win32-x86 -Djna.boot.library.path=C:\Program Files (x86)\Arduino/lib -Djssc.library.path=C:\Program Files (x86)\Arduino/lib -DAPP_DIR=C:\Program Files (x86)\Arduino -Xms128M -Xmx512M -Dfile.encoding=UTF8 -Djava.net.preferIPv4Stack=true 
java_command: processing.app.Base C:\Hack\analog\analog.ino
java_class_path (initial): C:\Program Files (x86)\Arduino\lib\apple.jar;C:\Program Files (x86)\Arduino\lib\arduino-core.jar;C:\Program Files (x86)\Arduino\lib\batik-1.8.jar;C:\Program Files (x86)\Arduino\lib\batik-anim-1.8.jar;C:\Program Files (x86)\Arduino\lib\batik-awt-util-1.8.jar;C:\Program Files (x86)\Arduino\lib\batik-bridge-1.8.jar;C:\Program Files (x86)\Arduino\lib\batik-codec-1.8.jar;C:\Program Files (x86)\Arduino\lib\batik-css-1.8.jar;C:\Program Files (x86)\Arduino\lib\batik-dom-1.8.jar;C:\Program Files (x86)\Arduino\lib\batik-ext-1.8.jar;C:\Program Files (x86)\Arduino\lib\batik-gvt-1.8.jar;C:\Program Files (x86)\Arduino\lib\batik-parser-1.8.jar;C:\Program Files (x86)\Arduino\lib\batik-rasterizer-1.8.jar;C:\Program Files (x86)\Arduino\lib\batik-script-1.8.jar;C:\Program Files (x86)\Arduino\lib\batik-squiggle-1.8.jar;C:\Program Files (x86)\Arduino\lib\batik-svg-dom-1.8.jar;C:\Program Files (x86)\Arduino\lib\batik-svgpp-1.8.jar;C:\Program Files (x86)\Arduino\lib\batik-transcoder-1.8.jar;C:\Program Files (x86)\Arduino\lib\batik-util-1.8.jar;C:\Program Files (x86)\Arduino\lib\batik-xml-1.8.jar;C:\Program Files (x86)\Arduino\lib\bcpg-jdk15on-152.jar;C:\Program Files (x86)\Arduino\lib\bcprov-jdk15on-152.jar;C:\Program Files (x86)\Arduino\lib\commons-codec-1.7.jar;C:\Program Files (x86)\Arduino\lib\commons-compress-1.8.jar;C:\Program Files (x86)\Arduino\lib\commons-exec-1.1.jar;C:\Program Files (x86)\Arduino\lib\commons-httpclient-3.1.jar;C:\Program Files (x86)\Arduino\lib\commons-lang3-3.8.1.jar;C:\Program Files (x86)\Arduino\lib\commons-logging-1.0.4.jar;C:\Program Files (x86)\Arduino\lib\commons-net-3.3.jar;C:\Program Files (x86)\Arduino\lib\commons-io-2.6.jar;C:\Program Files (x86)\Arduino\lib\jackson-annotations-2.9.5.jar;C:\Program Files (x86)\Arduino\lib\jackson-core-2.9.5.jar;C:\Program Files (x86)\Arduino\lib\jackson-databind-2.9.5.jar;C:\Program Files (x86)\Arduino\lib\java-semver-0.8.0.jar;C:\Program Files (x86)\Arduino\lib\jmdns-3.5.5.jar;C:\Program
Launcher Type: SUN_STANDARD

Environment Variables:
PATH=C:\PROGRA~1\PTC\MKSTOO~1\bin64;C:\PROGRA~1\PTC\MKSTOO~1\bin;C:\PROGRA~1\PTC\MKSTOO~1\bin\X11;C:\PROGRA~1\PTC\MKSTOO~1\mksnt;C:\Windows\system32;C:\Windows;C:\Windows\System32\Wbem;C:\Windows\System32\WindowsPowerShell\v1.0\;C:\Windows\System32\OpenSSH\;C:\Program Files\PuTTY\;C:\Users\Murugesh\AppData\Local\Microsoft\WindowsApps;C:\Users\Murugesh\AppData\Local\GitHubDesktop\bin;C:\Program Files (x86)\Arduino\java\bin
USERNAME=Murugesh
DISPLAY=:0.0
OS=Windows_NT
PROCESSOR_IDENTIFIER=AMD64 Family 23 Model 96 Stepping 1, AuthenticAMD



---------------  S Y S T E M  ---------------

OS: Windows 10.0 , 64 bit Build 19041 (10.0.19041.1645)

CPU:total 12 (initial active 12) (12 cores per cpu, 1 threads per core) family 23 model 96 stepping 1, cmov, cx8, fxsr, mmx, sse, sse2, sse3, ssse3, sse4.1, sse4.2, popcnt, avx, avx2, aes, clmul, mmxext, 3dnowpref, lzcnt, sse4a, tsc, tscinvbit, tscinv, bmi1

Memory: 4k page, physical 7730500k(1181324k free), swap 19789124k(4662060k free)

vm_info: Java HotSpot(TM) Client VM (25.191-b12) for windows-x86 JRE (1.8.0_191-b12), built on Oct  6 2018 08:34:23 by "java_re" with MS VC++ 10.0 (VS2010)

time: Mon May 09 15:45:17 2022
elapsed time: 7204 seconds (0d 2h 0m 4s)

